SF:lib\di\bloc_provider.dart
DA:8,6
DA:9,2
DA:10,0
DA:12,2
DA:13,0
DA:15,2
DA:16,0
LF:7
LH:4
end_of_record
SF:lib\di\repo_provider.dart
DA:8,6
DA:9,2
DA:10,4
DA:12,2
DA:13,6
DA:15,2
DA:16,3
LF:7
LH:7
end_of_record
SF:lib\di\usecase_provider.dart
DA:8,6
DA:9,2
DA:10,3
DA:12,2
DA:13,3
DA:15,2
DA:16,3
LF:7
LH:7
end_of_record
SF:lib\features\cart\cart_bloc.dart
DA:15,3
DA:16,2
DA:17,2
DA:18,2
DA:19,1
DA:20,1
DA:21,2
DA:22,4
DA:23,2
DA:24,1
DA:25,3
DA:28,2
DA:29,7
DA:30,4
DA:31,6
DA:32,1
DA:34,1
DA:36,5
DA:37,1
DA:38,2
DA:39,3
DA:42,2
DA:54,1
DA:60,1
DA:61,1
DA:69,1
DA:71,1
DA:72,4
LF:28
LH:28
end_of_record
SF:lib\features\cart\cart_page.dart
DA:9,0
DA:11,0
DA:13,0
DA:14,0
DA:15,0
DA:17,0
DA:18,0
DA:20,0
DA:21,0
DA:22,0
DA:23,0
DA:24,0
DA:25,0
DA:26,0
DA:39,1
DA:48,1
DA:50,1
DA:51,1
DA:52,2
DA:53,1
DA:54,2
DA:55,1
DA:56,0
DA:58,1
DA:59,1
DA:61,1
DA:62,4
DA:63,4
LF:28
LH:13
end_of_record
SF:lib\features\home\home_page_bottom_nav_bloc.dart
DA:6,0
DA:8,0
DA:9,0
DA:12,0
DA:13,0
DA:16,0
DA:17,0
DA:22,0
DA:24,0
DA:26,0
DA:28,0
DA:30,0
DA:32,0
DA:34,0
DA:42,0
DA:46,0
DA:47,0
DA:50,0
DA:51,0
DA:54,0
DA:55,0
DA:62,2
DA:66,2
DA:68,0
DA:69,0
DA:72,2
DA:74,0
DA:75,0
DA:78,2
DA:80,0
DA:81,0
LF:31
LH:4
end_of_record
SF:lib\features\home\product_list_bloc.dart
DA:9,3
DA:10,2
DA:11,1
DA:12,2
DA:13,1
DA:14,2
DA:17,2
DA:30,1
DA:31,1
DA:36,1
DA:38,1
DA:39,2
LF:12
LH:12
end_of_record
SF:lib\features\home\product_list_page.dart
DA:9,0
DA:11,0
DA:13,0
DA:14,0
DA:15,0
DA:16,0
DA:18,0
DA:19,0
DA:21,0
DA:23,0
DA:24,0
DA:25,0
DA:26,0
DA:32,0
DA:41,1
DA:46,1
DA:48,1
DA:50,1
DA:51,1
DA:53,1
DA:56,1
DA:57,1
DA:58,2
DA:60,1
DA:61,2
DA:62,1
DA:63,0
DA:66,3
DA:67,4
LF:29
LH:14
end_of_record
